Analysis & Synthesis report for lab9_01
Fri Jan 13 08:54:37 2023
Quartus Prime Version 18.1.0 Build 625 09/12/2018 SJ Lite Edition


---------------------
; Table of Contents ;
---------------------
  1. Legal Notice
  2. Analysis & Synthesis Summary
  3. Analysis & Synthesis Settings
  4. Parallel Compilation
  5. Analysis & Synthesis Source Files Read
  6. Analysis & Synthesis Resource Usage Summary
  7. Analysis & Synthesis Resource Utilization by Entity
  8. Registers Removed During Synthesis
  9. Removed Registers Triggering Further Register Optimizations
 10. General Register Statistics
 11. Source assignments for Top-level Entity: |lab9_01
 12. Port Connectivity Checks: "comparator:p1"
 13. Port Connectivity Checks: "counter:s2"
 14. Port Connectivity Checks: "counter:s1"
 15. Post-Synthesis Netlist Statistics for Top Partition
 16. Elapsed Time Per Partition
 17. Analysis & Synthesis Messages



----------------
; Legal Notice ;
----------------
Copyright (C) 2018  Intel Corporation. All rights reserved.
Your use of Intel Corporation's design tools, logic functions 
and other software and tools, and its AMPP partner logic 
functions, and any output files from any of the foregoing 
(including device programming or simulation files), and any 
associated documentation or information are expressly subject 
to the terms and conditions of the Intel Program License 
Subscription Agreement, the Intel Quartus Prime License Agreement,
the Intel FPGA IP License Agreement, or other applicable license
agreement, including, without limitation, that your use is for
the sole purpose of programming logic devices manufactured by
Intel and sold by Intel or its authorized distributors.  Please
refer to the applicable agreement for further details.



+----------------------------------------------------------------------------------+
; Analysis & Synthesis Summary                                                     ;
+------------------------------------+---------------------------------------------+
; Analysis & Synthesis Status        ; Successful - Fri Jan 13 08:54:37 2023       ;
; Quartus Prime Version              ; 18.1.0 Build 625 09/12/2018 SJ Lite Edition ;
; Revision Name                      ; lab9_01                                     ;
; Top-level Entity Name              ; lab9_01                                     ;
; Family                             ; Cyclone IV E                                ;
; Total logic elements               ; 0                                           ;
;     Total combinational functions  ; 0                                           ;
;     Dedicated logic registers      ; 0                                           ;
; Total registers                    ; 0                                           ;
; Total pins                         ; 13                                          ;
; Total virtual pins                 ; 0                                           ;
; Total memory bits                  ; 0                                           ;
; Embedded Multiplier 9-bit elements ; 0                                           ;
; Total PLLs                         ; 0                                           ;
+------------------------------------+---------------------------------------------+


+------------------------------------------------------------------------------------------------------------+
; Analysis & Synthesis Settings                                                                              ;
+------------------------------------------------------------------+--------------------+--------------------+
; Option                                                           ; Setting            ; Default Value      ;
+------------------------------------------------------------------+--------------------+--------------------+
; Device                                                           ; EP4CE115F29C7      ;                    ;
; Top-level entity name                                            ; lab9_01            ; lab9_01            ;
; Family name                                                      ; Cyclone IV E       ; Cyclone V          ;
; Use smart compilation                                            ; Off                ; Off                ;
; Enable parallel Assembler and Timing Analyzer during compilation ; On                 ; On                 ;
; Enable compact report table                                      ; Off                ; Off                ;
; Restructure Multiplexers                                         ; Auto               ; Auto               ;
; Create Debugging Nodes for IP Cores                              ; Off                ; Off                ;
; Preserve fewer node names                                        ; On                 ; On                 ;
; Intel FPGA IP Evaluation Mode                                    ; Enable             ; Enable             ;
; Verilog Version                                                  ; Verilog_2001       ; Verilog_2001       ;
; VHDL Version                                                     ; VHDL_1993          ; VHDL_1993          ;
; State Machine Processing                                         ; Auto               ; Auto               ;
; Safe State Machine                                               ; Off                ; Off                ;
; Extract Verilog State Machines                                   ; On                 ; On                 ;
; Extract VHDL State Machines                                      ; On                 ; On                 ;
; Ignore Verilog initial constructs                                ; Off                ; Off                ;
; Iteration limit for constant Verilog loops                       ; 5000               ; 5000               ;
; Iteration limit for non-constant Verilog loops                   ; 250                ; 250                ;
; Add Pass-Through Logic to Inferred RAMs                          ; On                 ; On                 ;
; Infer RAMs from Raw Logic                                        ; On                 ; On                 ;
; Parallel Synthesis                                               ; On                 ; On                 ;
; DSP Block Balancing                                              ; Auto               ; Auto               ;
; NOT Gate Push-Back                                               ; On                 ; On                 ;
; Power-Up Don't Care                                              ; On                 ; On                 ;
; Remove Redundant Logic Cells                                     ; Off                ; Off                ;
; Remove Duplicate Registers                                       ; On                 ; On                 ;
; Ignore CARRY Buffers                                             ; Off                ; Off                ;
; Ignore CASCADE Buffers                                           ; Off                ; Off                ;
; Ignore GLOBAL Buffers                                            ; Off                ; Off                ;
; Ignore ROW GLOBAL Buffers                                        ; Off                ; Off                ;
; Ignore LCELL Buffers                                             ; Off                ; Off                ;
; Ignore SOFT Buffers                                              ; On                 ; On                 ;
; Limit AHDL Integers to 32 Bits                                   ; Off                ; Off                ;
; Optimization Technique                                           ; Balanced           ; Balanced           ;
; Carry Chain Length                                               ; 70                 ; 70                 ;
; Auto Carry Chains                                                ; On                 ; On                 ;
; Auto Open-Drain Pins                                             ; On                 ; On                 ;
; Perform WYSIWYG Primitive Resynthesis                            ; Off                ; Off                ;
; Auto ROM Replacement                                             ; On                 ; On                 ;
; Auto RAM Replacement                                             ; On                 ; On                 ;
; Auto DSP Block Replacement                                       ; On                 ; On                 ;
; Auto Shift Register Replacement                                  ; Auto               ; Auto               ;
; Allow Shift Register Merging across Hierarchies                  ; Auto               ; Auto               ;
; Auto Clock Enable Replacement                                    ; On                 ; On                 ;
; Strict RAM Replacement                                           ; Off                ; Off                ;
; Allow Synchronous Control Signals                                ; On                 ; On                 ;
; Force Use of Synchronous Clear Signals                           ; Off                ; Off                ;
; Auto RAM Block Balancing                                         ; On                 ; On                 ;
; Auto RAM to Logic Cell Conversion                                ; Off                ; Off                ;
; Auto Resource Sharing                                            ; Off                ; Off                ;
; Allow Any RAM Size For Recognition                               ; Off                ; Off                ;
; Allow Any ROM Size For Recognition                               ; Off                ; Off                ;
; Allow Any Shift Register Size For Recognition                    ; Off                ; Off                ;
; Use LogicLock Constraints during Resource Balancing              ; On                 ; On                 ;
; Ignore translate_off and synthesis_off directives                ; Off                ; Off                ;
; Timing-Driven Synthesis                                          ; On                 ; On                 ;
; Report Parameter Settings                                        ; On                 ; On                 ;
; Report Source Assignments                                        ; On                 ; On                 ;
; Report Connectivity Checks                                       ; On                 ; On                 ;
; Ignore Maximum Fan-Out Assignments                               ; Off                ; Off                ;
; Synchronization Register Chain Length                            ; 2                  ; 2                  ;
; Power Optimization During Synthesis                              ; Normal compilation ; Normal compilation ;
; HDL message level                                                ; Level2             ; Level2             ;
; Suppress Register Optimization Related Messages                  ; Off                ; Off                ;
; Number of Removed Registers Reported in Synthesis Report         ; 5000               ; 5000               ;
; Number of Swept Nodes Reported in Synthesis Report               ; 5000               ; 5000               ;
; Number of Inverted Registers Reported in Synthesis Report        ; 100                ; 100                ;
; Clock MUX Protection                                             ; On                 ; On                 ;
; Auto Gated Clock Conversion                                      ; Off                ; Off                ;
; Block Design Naming                                              ; Auto               ; Auto               ;
; SDC constraint protection                                        ; Off                ; Off                ;
; Synthesis Effort                                                 ; Auto               ; Auto               ;
; Shift Register Replacement - Allow Asynchronous Clear Signal     ; On                 ; On                 ;
; Pre-Mapping Resynthesis Optimization                             ; Off                ; Off                ;
; Analysis & Synthesis Message Level                               ; Medium             ; Medium             ;
; Disable Register Merging Across Hierarchies                      ; Auto               ; Auto               ;
; Resource Aware Inference For Block RAM                           ; On                 ; On                 ;
+------------------------------------------------------------------+--------------------+--------------------+


+------------------------------------------+
; Parallel Compilation                     ;
+----------------------------+-------------+
; Processors                 ; Number      ;
+----------------------------+-------------+
; Number detected on machine ; 12          ;
; Maximum allowed            ; 6           ;
;                            ;             ;
; Average used               ; 1.00        ;
; Maximum used               ; 1           ;
;                            ;             ;
; Usage by Processor         ; % Time Used ;
;     Processor 1            ; 100.0%      ;
+----------------------------+-------------+


+-----------------------------------------------------------------------------------------------------------------------+
; Analysis & Synthesis Source Files Read                                                                                ;
+----------------------------------+-----------------+-----------------+--------------------------------------+---------+
; File Name with User-Entered Path ; Used in Netlist ; File Type       ; File Name with Absolute Path         ; Library ;
+----------------------------------+-----------------+-----------------+--------------------------------------+---------+
; lab9_01.vhd                      ; yes             ; User VHDL File  ; D:/vhdl/lab9/lab9_01.vhd             ;         ;
; lab9_01_package.vhd              ; yes             ; User VHDL File  ; D:/vhdl/lab9/lab9_01_package.vhd     ;         ;
; mux.vhd                          ; yes             ; User VHDL File  ; D:/vhdl/lab9/mux.vhd                 ;         ;
; ring_oscillator_7.vhd            ; yes             ; User VHDL File  ; D:/vhdl/lab9/ring_oscillator_7.vhd   ;         ;
; ring_oscillator_9.vhd            ; yes             ; User VHDL File  ; D:/vhdl/lab9/ring_oscillator_9.vhd   ;         ;
; ring_oscillator_13.vhd           ; yes             ; User VHDL File  ; D:/vhdl/lab9/ring_oscillator_13.vhd  ;         ;
; ring_oscillator_17.vhd           ; yes             ; User VHDL File  ; D:/vhdl/lab9/ring_oscillator_17.vhd  ;         ;
; ring_oscillator_21 .vhd          ; yes             ; User VHDL File  ; D:/vhdl/lab9/ring_oscillator_21 .vhd ;         ;
; comparator.vhd                   ; yes             ; User VHDL File  ; D:/vhdl/lab9/comparator.vhd          ;         ;
; counter.vhd                      ; yes             ; User VHDL File  ; D:/vhdl/lab9/counter.vhd             ;         ;
; divider.vhd                      ; yes             ; User VHDL File  ; D:/vhdl/lab9/divider.vhd             ;         ;
+----------------------------------+-----------------+-----------------+--------------------------------------+---------+


+---------------------------------------------------------+
; Analysis & Synthesis Resource Usage Summary             ;
+---------------------------------------------+-----------+
; Resource                                    ; Usage     ;
+---------------------------------------------+-----------+
;                                             ;           ;
; Total combinational functions               ; 0         ;
; Logic element usage by number of LUT inputs ;           ;
;     -- 4 input functions                    ; 0         ;
;     -- 3 input functions                    ; 0         ;
;     -- <=2 input functions                  ; 0         ;
;                                             ;           ;
; Logic elements by mode                      ;           ;
;     -- normal mode                          ; 0         ;
;     -- arithmetic mode                      ; 0         ;
;                                             ;           ;
; Total registers                             ; 0         ;
;     -- Dedicated logic registers            ; 0         ;
;     -- I/O registers                        ; 0         ;
;                                             ;           ;
; I/O pins                                    ; 13        ;
;                                             ;           ;
; Embedded Multiplier 9-bit elements          ; 0         ;
;                                             ;           ;
; Maximum fan-out node                        ; clk_50Mhz ;
; Maximum fan-out                             ; 1         ;
; Total fan-out                               ; 13        ;
; Average fan-out                             ; 0.50      ;
+---------------------------------------------+-----------+


+----------------------------------------------------------------------------------------------------------------------------------------------------------------------------------------------------------+
; Analysis & Synthesis Resource Utilization by Entity                                                                                                                                                      ;
+----------------------------+---------------------+---------------------------+-------------+--------------+---------+-----------+------+--------------+---------------------+-------------+--------------+
; Compilation Hierarchy Node ; Combinational ALUTs ; Dedicated Logic Registers ; Memory Bits ; DSP Elements ; DSP 9x9 ; DSP 18x18 ; Pins ; Virtual Pins ; Full Hierarchy Name ; Entity Name ; Library Name ;
+----------------------------+---------------------+---------------------------+-------------+--------------+---------+-----------+------+--------------+---------------------+-------------+--------------+
; |lab9_01                   ; 0 (0)               ; 0 (0)                     ; 0           ; 0            ; 0       ; 0         ; 13   ; 0            ; |lab9_01            ; lab9_01     ; work         ;
+----------------------------+---------------------+---------------------------+-------------+--------------+---------+-----------+------+--------------+---------------------+-------------+--------------+
Note: For table entries with two numbers listed, the numbers in parentheses indicate the number of resources of the given type used by the specific entity alone. The numbers listed outside of parentheses indicate the total resources of the given type used by the specific entity and all of its sub-entities in the hierarchy.


+--------------------------------------------------------------------------------+
; Registers Removed During Synthesis                                             ;
+-----------------------------------------+--------------------------------------+
; Register name                           ; Reason for Removal                   ;
+-----------------------------------------+--------------------------------------+
; divider:g2|count[0..7]                  ; Stuck at GND due to stuck port clock ;
; divider:g2|clk_out                      ; Stuck at GND due to stuck port clock ;
; divider:g2|count[8..25]                 ; Stuck at GND due to stuck port clock ;
; divider:g1|count[0..7]                  ; Stuck at GND due to stuck port clock ;
; divider:g1|clk_out                      ; Stuck at GND due to stuck port clock ;
; divider:g1|count[8..25]                 ; Stuck at GND due to stuck port clock ;
; counter:s2|counter[0..31]               ; Stuck at GND due to stuck port clock ;
; counter:s1|counter[0..31]               ; Stuck at GND due to stuck port clock ;
; Total Number of Removed Registers = 118 ;                                      ;
+-----------------------------------------+--------------------------------------+


+------------------------------------------------------------------------------------------------------------------------+
; Removed Registers Triggering Further Register Optimizations                                                            ;
+--------------------+-------------------------+-------------------------------------------------------------------------+
; Register name      ; Reason for Removal      ; Registers Removed due to This Register                                  ;
+--------------------+-------------------------+-------------------------------------------------------------------------+
; divider:g2|clk_out ; Stuck at GND            ; counter:s2|counter[0], counter:s2|counter[31], counter:s2|counter[30],  ;
;                    ; due to stuck port clock ; counter:s2|counter[29], counter:s2|counter[28], counter:s2|counter[27], ;
;                    ;                         ; counter:s2|counter[26], counter:s2|counter[25], counter:s2|counter[24], ;
;                    ;                         ; counter:s2|counter[23], counter:s2|counter[22], counter:s2|counter[21], ;
;                    ;                         ; counter:s2|counter[20], counter:s2|counter[19], counter:s2|counter[18], ;
;                    ;                         ; counter:s2|counter[17], counter:s2|counter[16], counter:s2|counter[15], ;
;                    ;                         ; counter:s2|counter[14], counter:s2|counter[13], counter:s2|counter[12], ;
;                    ;                         ; counter:s2|counter[11], counter:s2|counter[10], counter:s2|counter[9],  ;
;                    ;                         ; counter:s2|counter[8], counter:s2|counter[7], counter:s2|counter[6],    ;
;                    ;                         ; counter:s2|counter[5], counter:s2|counter[4], counter:s2|counter[3],    ;
;                    ;                         ; counter:s2|counter[2], counter:s2|counter[1]                            ;
; divider:g1|clk_out ; Stuck at GND            ; counter:s1|counter[0], counter:s1|counter[31], counter:s1|counter[30],  ;
;                    ; due to stuck port clock ; counter:s1|counter[29], counter:s1|counter[28], counter:s1|counter[27], ;
;                    ;                         ; counter:s1|counter[26], counter:s1|counter[25], counter:s1|counter[24], ;
;                    ;                         ; counter:s1|counter[23], counter:s1|counter[22], counter:s1|counter[21], ;
;                    ;                         ; counter:s1|counter[20], counter:s1|counter[19], counter:s1|counter[18], ;
;                    ;                         ; counter:s1|counter[17], counter:s1|counter[16], counter:s1|counter[15], ;
;                    ;                         ; counter:s1|counter[14], counter:s1|counter[13], counter:s1|counter[12], ;
;                    ;                         ; counter:s1|counter[11], counter:s1|counter[10], counter:s1|counter[9],  ;
;                    ;                         ; counter:s1|counter[8], counter:s1|counter[7], counter:s1|counter[6],    ;
;                    ;                         ; counter:s1|counter[5], counter:s1|counter[4], counter:s1|counter[3],    ;
;                    ;                         ; counter:s1|counter[2], counter:s1|counter[1]                            ;
+--------------------+-------------------------+-------------------------------------------------------------------------+


+------------------------------------------------------+
; General Register Statistics                          ;
+----------------------------------------------+-------+
; Statistic                                    ; Value ;
+----------------------------------------------+-------+
; Total registers                              ; 0     ;
; Number of registers using Synchronous Clear  ; 0     ;
; Number of registers using Synchronous Load   ; 0     ;
; Number of registers using Asynchronous Clear ; 0     ;
; Number of registers using Asynchronous Load  ; 0     ;
; Number of registers using Clock Enable       ; 0     ;
; Number of registers using Preset             ; 0     ;
+----------------------------------------------+-------+


+----------------------------------------------------------+
; Source assignments for Top-level Entity: |lab9_01        ;
+------------------------------+-------+------+------------+
; Assignment                   ; Value ; From ; To         ;
+------------------------------+-------+------+------------+
; IGNORE_LCELL_BUFFERS         ; off   ; -    ; reset~buf0 ;
; REMOVE_REDUNDANT_LOGIC_CELLS ; off   ; -    ; reset~buf0 ;
; IGNORE_LCELL_BUFFERS         ; off   ; -    ; resetn     ;
; REMOVE_REDUNDANT_LOGIC_CELLS ; off   ; -    ; resetn     ;
; IGNORE_LCELL_BUFFERS         ; off   ; -    ; reset_ris  ;
; REMOVE_REDUNDANT_LOGIC_CELLS ; off   ; -    ; reset_ris  ;
+------------------------------+-------+------+------------+


+----------------------------------------------------+
; Port Connectivity Checks: "comparator:p1"          ;
+------------------+-------+----------+--------------+
; Port             ; Type  ; Severity ; Details      ;
+------------------+-------+----------+--------------+
; counter1[31..26] ; Input ; Info     ; Stuck at GND ;
; counter2[31..26] ; Input ; Info     ; Stuck at GND ;
+------------------+-------+----------+--------------+


+---------------------------------------------------------------------------------------------------------------------------+
; Port Connectivity Checks: "counter:s2"                                                                                    ;
+-----------------+--------+----------+-------------------------------------------------------------------------------------+
; Port            ; Type   ; Severity ; Details                                                                             ;
+-----------------+--------+----------+-------------------------------------------------------------------------------------+
; counter[31..26] ; Output ; Info     ; Connected to dangling logic. Logic that only feeds a dangling port will be removed. ;
+-----------------+--------+----------+-------------------------------------------------------------------------------------+


+---------------------------------------------------------------------------------------------------------------------------+
; Port Connectivity Checks: "counter:s1"                                                                                    ;
+-----------------+--------+----------+-------------------------------------------------------------------------------------+
; Port            ; Type   ; Severity ; Details                                                                             ;
+-----------------+--------+----------+-------------------------------------------------------------------------------------+
; counter[31..26] ; Output ; Info     ; Connected to dangling logic. Logic that only feeds a dangling port will be removed. ;
+-----------------+--------+----------+-------------------------------------------------------------------------------------+


+-----------------------------------------------------+
; Post-Synthesis Netlist Statistics for Top Partition ;
+-----------------------+-----------------------------+
; Type                  ; Count                       ;
+-----------------------+-----------------------------+
; boundary_port         ; 13                          ;
; cycloneiii_lcell_comb ; 1                           ;
;     normal            ; 1                           ;
;         0 data inputs ; 1                           ;
;                       ;                             ;
; Max LUT depth         ; 0.00                        ;
; Average LUT depth     ; 0.00                        ;
+-----------------------+-----------------------------+


+-------------------------------+
; Elapsed Time Per Partition    ;
+----------------+--------------+
; Partition Name ; Elapsed Time ;
+----------------+--------------+
; Top            ; 00:00:00     ;
+----------------+--------------+


+-------------------------------+
; Analysis & Synthesis Messages ;
+-------------------------------+
Info: *******************************************************************
Info: Running Quartus Prime Analysis & Synthesis
    Info: Version 18.1.0 Build 625 09/12/2018 SJ Lite Edition
    Info: Processing started: Fri Jan 13 08:54:29 2023
Info: Command: quartus_map --read_settings_files=on --write_settings_files=off lab9_01 -c lab9_01
Warning (18236): Number of processors has not been specified which may cause overloading on shared machines.  Set the global assignment NUM_PARALLEL_PROCESSORS in your QSF to an appropriate value for best performance.
Info (20030): Parallel compilation is enabled and will use 6 of the 6 processors detected
Info (12021): Found 2 design units, including 1 entities, in source file lab9_01.vhd
    Info (12022): Found design unit 1: lab9_01-func File: D:/vhdl/lab9/lab9_01.vhd Line: 12
    Info (12023): Found entity 1: lab9_01 File: D:/vhdl/lab9/lab9_01.vhd Line: 6
Info (12021): Found 1 design units, including 0 entities, in source file lab9_01_package.vhd
    Info (12022): Found design unit 1: lab9_01_package File: D:/vhdl/lab9/lab9_01_package.vhd Line: 3
Warning (12090): Entity "mux" obtained from "mux.vhd" instead of from Quartus Prime megafunction library File: D:/vhdl/lab9/mux.vhd Line: 5
Info (12021): Found 2 design units, including 1 entities, in source file mux.vhd
    Info (12022): Found design unit 1: mux-func File: D:/vhdl/lab9/mux.vhd Line: 11
    Info (12023): Found entity 1: mux File: D:/vhdl/lab9/mux.vhd Line: 5
Info (12021): Found 2 design units, including 1 entities, in source file ring_oscillator_7.vhd
    Info (12022): Found design unit 1: ring_oscillator_7-func File: D:/vhdl/lab9/ring_oscillator_7.vhd Line: 9
    Info (12023): Found entity 1: ring_oscillator_7 File: D:/vhdl/lab9/ring_oscillator_7.vhd Line: 4
Info (12021): Found 2 design units, including 1 entities, in source file ring_oscillator_9.vhd
    Info (12022): Found design unit 1: ring_oscillator_9-func File: D:/vhdl/lab9/ring_oscillator_9.vhd Line: 9
    Info (12023): Found entity 1: ring_oscillator_9 File: D:/vhdl/lab9/ring_oscillator_9.vhd Line: 4
Info (12021): Found 2 design units, including 1 entities, in source file ring_oscillator_13.vhd
    Info (12022): Found design unit 1: ring_oscillator_13-func File: D:/vhdl/lab9/ring_oscillator_13.vhd Line: 9
    Info (12023): Found entity 1: ring_oscillator_13 File: D:/vhdl/lab9/ring_oscillator_13.vhd Line: 4
Info (12021): Found 2 design units, including 1 entities, in source file ring_oscillator_15.vhd
    Info (12022): Found design unit 1: ring_oscillator_15-func File: D:/vhdl/lab9/ring_oscillator_15.vhd Line: 9
    Info (12023): Found entity 1: ring_oscillator_15 File: D:/vhdl/lab9/ring_oscillator_15.vhd Line: 4
Info (12021): Found 2 design units, including 1 entities, in source file ring_oscillator_17.vhd
    Info (12022): Found design unit 1: ring_oscillator_17-func File: D:/vhdl/lab9/ring_oscillator_17.vhd Line: 9
    Info (12023): Found entity 1: ring_oscillator_17 File: D:/vhdl/lab9/ring_oscillator_17.vhd Line: 4
Info (12021): Found 2 design units, including 1 entities, in source file ring_oscillator_21 .vhd
    Info (12022): Found design unit 1: ring_oscillator_21-func File: D:/vhdl/lab9/ring_oscillator_21 .vhd Line: 9
    Info (12023): Found entity 1: ring_oscillator_21 File: D:/vhdl/lab9/ring_oscillator_21 .vhd Line: 4
Info (12021): Found 2 design units, including 1 entities, in source file comparator.vhd
    Info (12022): Found design unit 1: comparator-func File: D:/vhdl/lab9/comparator.vhd Line: 12
    Info (12023): Found entity 1: comparator File: D:/vhdl/lab9/comparator.vhd Line: 5
Info (12021): Found 2 design units, including 1 entities, in source file counter.vhd
    Info (12022): Found design unit 1: counter-func File: D:/vhdl/lab9/counter.vhd Line: 11
    Info (12023): Found entity 1: counter File: D:/vhdl/lab9/counter.vhd Line: 5
Info (12021): Found 2 design units, including 1 entities, in source file divider.vhd
    Info (12022): Found design unit 1: divider-func File: D:/vhdl/lab9/divider.vhd Line: 10
    Info (12023): Found entity 1: divider File: D:/vhdl/lab9/divider.vhd Line: 5
Info (12127): Elaborating entity "lab9_01" for the top level hierarchy
Info (12128): Elaborating entity "ring_oscillator_13" for hierarchy "ring_oscillator_13:f1" File: D:/vhdl/lab9/lab9_01.vhd Line: 26
Warning (10034): Output port "ck_out" at ring_oscillator_13.vhd(6) has no driver File: D:/vhdl/lab9/ring_oscillator_13.vhd Line: 6
Warning (12158): Entity "ring_oscillator_13" contains only dangling pins File: D:/vhdl/lab9/lab9_01.vhd Line: 26
Info (12128): Elaborating entity "ring_oscillator_7" for hierarchy "ring_oscillator_7:f2" File: D:/vhdl/lab9/lab9_01.vhd Line: 27
Warning (10034): Output port "ck_out" at ring_oscillator_7.vhd(6) has no driver File: D:/vhdl/lab9/ring_oscillator_7.vhd Line: 6
Warning (12158): Entity "ring_oscillator_7" contains only dangling pins File: D:/vhdl/lab9/lab9_01.vhd Line: 27
Info (12128): Elaborating entity "ring_oscillator_21" for hierarchy "ring_oscillator_21:f4" File: D:/vhdl/lab9/lab9_01.vhd Line: 29
Warning (10034): Output port "ck_out" at ring_oscillator_21 .vhd(6) has no driver File: D:/vhdl/lab9/ring_oscillator_21 .vhd Line: 6
Warning (12158): Entity "ring_oscillator_21" contains only dangling pins File: D:/vhdl/lab9/lab9_01.vhd Line: 29
Info (12128): Elaborating entity "ring_oscillator_17" for hierarchy "ring_oscillator_17:f5" File: D:/vhdl/lab9/lab9_01.vhd Line: 30
Warning (10034): Output port "ck_out" at ring_oscillator_17.vhd(6) has no driver File: D:/vhdl/lab9/ring_oscillator_17.vhd Line: 6
Warning (12158): Entity "ring_oscillator_17" contains only dangling pins File: D:/vhdl/lab9/lab9_01.vhd Line: 30
Info (12128): Elaborating entity "ring_oscillator_9" for hierarchy "ring_oscillator_9:f7" File: D:/vhdl/lab9/lab9_01.vhd Line: 32
Warning (10034): Output port "ck_out" at ring_oscillator_9.vhd(6) has no driver File: D:/vhdl/lab9/ring_oscillator_9.vhd Line: 6
Warning (12158): Entity "ring_oscillator_9" contains only dangling pins File: D:/vhdl/lab9/lab9_01.vhd Line: 32
Info (12128): Elaborating entity "mux" for hierarchy "mux:k1" File: D:/vhdl/lab9/lab9_01.vhd Line: 42
Info (12128): Elaborating entity "divider" for hierarchy "divider:g1" File: D:/vhdl/lab9/lab9_01.vhd Line: 44
Info (12128): Elaborating entity "counter" for hierarchy "counter:s1" File: D:/vhdl/lab9/lab9_01.vhd Line: 46
Info (12128): Elaborating entity "comparator" for hierarchy "comparator:p1" File: D:/vhdl/lab9/lab9_01.vhd Line: 48
Warning (10492): VHDL Process Statement warning at comparator.vhd(17): signal "sw" is read inside the Process Statement but isn't in the Process Statement's sensitivity list File: D:/vhdl/lab9/comparator.vhd Line: 17
Warning (10492): VHDL Process Statement warning at comparator.vhd(19): signal "sw" is read inside the Process Statement but isn't in the Process Statement's sensitivity list File: D:/vhdl/lab9/comparator.vhd Line: 19
Warning (10631): VHDL Process Statement warning at comparator.vhd(14): inferring latch(es) for signal or variable "ouput", which holds its previous value in one or more paths through the process File: D:/vhdl/lab9/comparator.vhd Line: 14
Info (10041): Inferred latch for "ouput[0]" at comparator.vhd(14) File: D:/vhdl/lab9/comparator.vhd Line: 14
Info (10041): Inferred latch for "ouput[1]" at comparator.vhd(14) File: D:/vhdl/lab9/comparator.vhd Line: 14
Info (10041): Inferred latch for "ouput[2]" at comparator.vhd(14) File: D:/vhdl/lab9/comparator.vhd Line: 14
Info (10041): Inferred latch for "ouput[3]" at comparator.vhd(14) File: D:/vhdl/lab9/comparator.vhd Line: 14
Info (10041): Inferred latch for "ouput[4]" at comparator.vhd(14) File: D:/vhdl/lab9/comparator.vhd Line: 14
Info (10041): Inferred latch for "ouput[5]" at comparator.vhd(14) File: D:/vhdl/lab9/comparator.vhd Line: 14
Info (10041): Inferred latch for "ouput[6]" at comparator.vhd(14) File: D:/vhdl/lab9/comparator.vhd Line: 14
Info (10041): Inferred latch for "ouput[7]" at comparator.vhd(14) File: D:/vhdl/lab9/comparator.vhd Line: 14
Warning (14284): Synthesized away the following node(s):
    Warning (14285): Synthesized away the following LCELL buffer node(s):
        Warning (14320): Synthesized away node "reset~buf0" File: D:/vhdl/lab9/lab9_01.vhd Line: 7
        Warning (14320): Synthesized away node "resetn" File: D:/vhdl/lab9/lab9_01.vhd Line: 15
        Warning (14320): Synthesized away node "reset_ris" File: D:/vhdl/lab9/lab9_01.vhd Line: 15
Warning (19016): Clock multiplexers are found and protected
    Warning (19017): Found clock multiplexer mux:k2|Mux0 File: D:/vhdl/lab9/mux.vhd Line: 13
    Warning (19017): Found clock multiplexer mux:k1|Mux0 File: D:/vhdl/lab9/mux.vhd Line: 13
Warning (13024): Output pins are stuck at VCC or GND
    Warning (13410): Pin "ouput[0]" is stuck at GND File: D:/vhdl/lab9/lab9_01.vhd Line: 9
    Warning (13410): Pin "ouput[1]" is stuck at GND File: D:/vhdl/lab9/lab9_01.vhd Line: 9
    Warning (13410): Pin "ouput[2]" is stuck at GND File: D:/vhdl/lab9/lab9_01.vhd Line: 9
    Warning (13410): Pin "ouput[3]" is stuck at GND File: D:/vhdl/lab9/lab9_01.vhd Line: 9
    Warning (13410): Pin "ouput[4]" is stuck at GND File: D:/vhdl/lab9/lab9_01.vhd Line: 9
    Warning (13410): Pin "ouput[5]" is stuck at GND File: D:/vhdl/lab9/lab9_01.vhd Line: 9
    Warning (13410): Pin "ouput[6]" is stuck at GND File: D:/vhdl/lab9/lab9_01.vhd Line: 9
    Warning (13410): Pin "ouput[7]" is stuck at GND File: D:/vhdl/lab9/lab9_01.vhd Line: 9
Info (16010): Generating hard_block partition "hard_block:auto_generated_inst"
    Info (16011): Adding 0 node(s), including 0 DDIO, 0 PLL, 0 transceiver and 0 LCELL
Warning (21074): Design contains 5 input pin(s) that do not drive logic
    Warning (15610): No output dependent on input pin "clk_50Mhz" File: D:/vhdl/lab9/lab9_01.vhd Line: 7
    Warning (15610): No output dependent on input pin "reset" File: D:/vhdl/lab9/lab9_01.vhd Line: 7
    Warning (15610): No output dependent on input pin "sw[0]" File: D:/vhdl/lab9/lab9_01.vhd Line: 8
    Warning (15610): No output dependent on input pin "sw[1]" File: D:/vhdl/lab9/lab9_01.vhd Line: 8
    Warning (15610): No output dependent on input pin "sw[2]" File: D:/vhdl/lab9/lab9_01.vhd Line: 8
Info (21057): Implemented 13 device resources after synthesis - the final resource count might be different
    Info (21058): Implemented 5 input pins
    Info (21059): Implemented 8 output pins
Info: Quartus Prime Analysis & Synthesis was successful. 0 errors, 39 warnings
    Info: Peak virtual memory: 4802 megabytes
    Info: Processing ended: Fri Jan 13 08:54:37 2023
    Info: Elapsed time: 00:00:08
    Info: Total CPU time (on all processors): 00:00:15


