Assembler report for lab4_01
Tue Nov 15 11:30:33 2022
Quartus Prime Version 18.1.0 Build 625 09/12/2018 SJ Lite Edition


---------------------
; Table of Contents ;
---------------------
  1. Legal Notice
  2. Assembler Summary
  3. Assembler Settings
  4. Assembler Generated Files
  5. Assembler Device Options: D:/vhdl/lab4/output_files/lab4_01.sof
  6. Assembler Messages



----------------
; Legal Notice ;
----------------
Copyright (C) 2018  Intel Corporation. All rights reserved.
Your use of Intel Corporation's design tools, logic functions 
and other software and tools, and its AMPP partner logic 
functions, and any output files from any of the foregoing 
(including device programming or simulation files), and any 
associated documentation or information are expressly subject 
to the terms and conditions of the Intel Program License 
Subscription Agreement, the Intel Quartus Prime License Agreement,
the Intel FPGA IP License Agreement, or other applicable license
agreement, including, without limitation, that your use is for
the sole purpose of programming logic devices manufactured by
Intel and sold by Intel or its authorized distributors.  Please
refer to the applicable agreement for further details.



+---------------------------------------------------------------+
; Assembler Summary                                             ;
+-----------------------+---------------------------------------+
; Assembler Status      ; Successful - Tue Nov 15 11:30:33 2022 ;
; Revision Name         ; lab4_01                               ;
; Top-level Entity Name ; lab4_01                               ;
; Family                ; Cyclone IV E                          ;
; Device                ; EP4CE40F29C7                          ;
+-----------------------+---------------------------------------+


+----------------------------------+
; Assembler Settings               ;
+--------+---------+---------------+
; Option ; Setting ; Default Value ;
+--------+---------+---------------+


+---------------------------------------+
; Assembler Generated Files             ;
+---------------------------------------+
; File Name                             ;
+---------------------------------------+
; D:/vhdl/lab4/output_files/lab4_01.sof ;
+---------------------------------------+


+-----------------------------------------------------------------+
; Assembler Device Options: D:/vhdl/lab4/output_files/lab4_01.sof ;
+----------------+------------------------------------------------+
; Option         ; Setting                                        ;
+----------------+------------------------------------------------+
; JTAG usercode  ; 0x001E7C1D                                     ;
; Checksum       ; 0x001E7C1D                                     ;
+----------------+------------------------------------------------+


+--------------------+
; Assembler Messages ;
+--------------------+
Info: *******************************************************************
Info: Running Quartus Prime Assembler
    Info: Version 18.1.0 Build 625 09/12/2018 SJ Lite Edition
    Info: Processing started: Tue Nov 15 11:30:32 2022
Info: Command: quartus_asm --read_settings_files=off --write_settings_files=off lab4_01 -c lab4_01
Warning (18236): Number of processors has not been specified which may cause overloading on shared machines.  Set the global assignment NUM_PARALLEL_PROCESSORS in your QSF to an appropriate value for best performance.
Info (115031): Writing out detailed assembly data for power analysis
Info (115030): Assembler is generating device programming files
Info: Quartus Prime Assembler was successful. 0 errors, 2 warnings
    Info: Peak virtual memory: 4682 megabytes
    Info: Processing ended: Tue Nov 15 11:30:33 2022
    Info: Elapsed time: 00:00:01
    Info: Total CPU time (on all processors): 00:00:01


